<?xml version="1.0" encoding="UTF-8"?>
<!-- Generated by org.testng.reporters.JUnitReportReporter -->
<testsuite skipped="0" hostname="EIHQSYS48354L" name="com.qa.cpl.test.LoginPageTest" tests="2" failures="0" timestamp="22 Aug 2018 06:09:46 GMT" time="19.258" errors="0">
  <testcase name="loginPageTitleTest" time="9.154" classname="com.qa.cpl.test.LoginPageTest"/>
  <testcase name="loginTest" time="10.104" classname="com.qa.cpl.test.LoginPageTest"/>
</testsuite> <!-- com.qa.cpl.test.LoginPageTest -->
